<?xml version="1.0" encoding="UTF-8"?>
<!-- Generated by org.testng.reporters.JUnitXMLReporter -->
<testsuite ignored="0" hostname="DESKTOP-PK38794" failures="0" tests="3" name="Default test" time="3.83" errors="0" timestamp="2022-01-06T10:12:38 IST">
  <testcase classname="files.DynamicJson" name="Deletebook" time="3.417"/>
  <testcase classname="files.DynamicJson" name="Deletebook" time="0.182"/>
  <testcase classname="files.DynamicJson" name="Deletebook" time="0.15"/>
</testsuite> <!-- Default test -->
